2017-04-30 17:37:46.771 GMT Thread[main,5,main] Cleanup action starting
java.sql.SQLException: Failed to start database '/var/lib/hive/metastore/metastore_db', see the next exception for details.
	at org.apache.derby.impl.jdbc.SQLExceptionFactory40.getSQLException(Unknown Source)
	at org.apache.derby.impl.jdbc.Util.newEmbedSQLException(Unknown Source)
	at org.apache.derby.impl.jdbc.Util.seeNextException(Unknown Source)
	at org.apache.derby.impl.jdbc.EmbedConnection.bootDatabase(Unknown Source)
	at org.apache.derby.impl.jdbc.EmbedConnection.<init>(Unknown Source)
	at org.apache.derby.impl.jdbc.EmbedConnection30.<init>(Unknown Source)
	at org.apache.derby.impl.jdbc.EmbedConnection40.<init>(Unknown Source)
	at org.apache.derby.jdbc.Driver40.getNewEmbedConnection(Unknown Source)
	at org.apache.derby.jdbc.InternalDriver.connect(Unknown Source)
	at org.apache.derby.jdbc.AutoloadedDriver.connect(Unknown Source)
	at java.sql.DriverManager.getConnection(DriverManager.java:582)
	at java.sql.DriverManager.getConnection(DriverManager.java:185)
	at org.apache.commons.dbcp.DriverManagerConnectionFactory.createConnection(DriverManagerConnectionFactory.java:75)
	at org.apache.commons.dbcp.PoolableConnectionFactory.makeObject(PoolableConnectionFactory.java:582)
	at org.apache.commons.pool.impl.GenericObjectPool.borrowObject(GenericObjectPool.java:1148)
	at org.apache.commons.dbcp.PoolingDataSource.getConnection(PoolingDataSource.java:106)
	at org.datanucleus.store.rdbms.ConnectionFactoryImpl$ManagedConnectionImpl.getConnection(ConnectionFactoryImpl.java:521)
	at org.datanucleus.store.rdbms.RDBMSStoreManager.<init>(RDBMSStoreManager.java:290)
	at sun.reflect.NativeConstructorAccessorImpl.newInstance0(Native Method)
	at sun.reflect.NativeConstructorAccessorImpl.newInstance(NativeConstructorAccessorImpl.java:39)
	at sun.reflect.DelegatingConstructorAccessorImpl.newInstance(DelegatingConstructorAccessorImpl.java:27)
	at java.lang.reflect.Constructor.newInstance(Constructor.java:513)
	at org.datanucleus.plugin.NonManagedPluginRegistry.createExecutableExtension(NonManagedPluginRegistry.java:588)
	at org.datanucleus.plugin.PluginManager.createExecutableExtension(PluginManager.java:300)
	at org.datanucleus.ObjectManagerFactoryImpl.initialiseStoreManager(ObjectManagerFactoryImpl.java:161)
	at org.datanucleus.jdo.JDOPersistenceManagerFactory.freezeConfiguration(JDOPersistenceManagerFactory.java:583)
	at org.datanucleus.jdo.JDOPersistenceManagerFactory.createPersistenceManagerFactory(JDOPersistenceManagerFactory.java:286)
	at org.datanucleus.jdo.JDOPersistenceManagerFactory.getPersistenceManagerFactory(JDOPersistenceManagerFactory.java:182)
	at sun.reflect.NativeMethodAccessorImpl.invoke0(Native Method)
	at sun.reflect.NativeMethodAccessorImpl.invoke(NativeMethodAccessorImpl.java:39)
	at sun.reflect.DelegatingMethodAccessorImpl.invoke(DelegatingMethodAccessorImpl.java:25)
	at java.lang.reflect.Method.invoke(Method.java:597)
	at javax.jdo.JDOHelper$16.run(JDOHelper.java:1958)
	at java.security.AccessController.doPrivileged(Native Method)
	at javax.jdo.JDOHelper.invoke(JDOHelper.java:1953)
	at javax.jdo.JDOHelper.invokeGetPersistenceManagerFactoryOnImplementation(JDOHelper.java:1159)
	at javax.jdo.JDOHelper.getPersistenceManagerFactory(JDOHelper.java:803)
	at javax.jdo.JDOHelper.getPersistenceManagerFactory(JDOHelper.java:698)
	at org.apache.hadoop.hive.metastore.ObjectStore.getPMF(ObjectStore.java:234)
	at org.apache.hadoop.hive.metastore.ObjectStore.getPersistenceManager(ObjectStore.java:261)
	at org.apache.hadoop.hive.metastore.ObjectStore.initialize(ObjectStore.java:196)
	at org.apache.hadoop.hive.metastore.ObjectStore.setConf(ObjectStore.java:171)
	at org.apache.hadoop.util.ReflectionUtils.setConf(ReflectionUtils.java:62)
	at org.apache.hadoop.util.ReflectionUtils.newInstance(ReflectionUtils.java:117)
	at org.apache.hadoop.hive.metastore.HiveMetaStore$HMSHandler.getMS(HiveMetaStore.java:354)
	at org.apache.hadoop.hive.metastore.HiveMetaStore$HMSHandler.executeWithRetry(HiveMetaStore.java:306)
	at org.apache.hadoop.hive.metastore.HiveMetaStore$HMSHandler.createDefaultDB(HiveMetaStore.java:451)
	at org.apache.hadoop.hive.metastore.HiveMetaStore$HMSHandler.init(HiveMetaStore.java:232)
	at org.apache.hadoop.hive.metastore.HiveMetaStore$HMSHandler.<init>(HiveMetaStore.java:197)
	at org.apache.hadoop.hive.metastore.HiveMetaStoreClient.<init>(HiveMetaStoreClient.java:108)
	at org.apache.hadoop.hive.ql.metadata.Hive.createMetaStoreClient(Hive.java:1855)
	at org.apache.hadoop.hive.ql.metadata.Hive.getMSC(Hive.java:1865)
	at org.apache.hadoop.hive.ql.metadata.Hive.createTable(Hive.java:470)
	at org.apache.hadoop.hive.ql.exec.DDLTask.createTable(DDLTask.java:3146)
	at org.apache.hadoop.hive.ql.exec.DDLTask.execute(DDLTask.java:213)
	at org.apache.hadoop.hive.ql.exec.Task.executeTask(Task.java:130)
	at org.apache.hadoop.hive.ql.exec.TaskRunner.runSequential(TaskRunner.java:57)
	at org.apache.hadoop.hive.ql.Driver.launchTask(Driver.java:1063)
	at org.apache.hadoop.hive.ql.Driver.execute(Driver.java:900)
	at org.apache.hadoop.hive.ql.Driver.run(Driver.java:748)
	at org.apache.hadoop.hive.cli.CliDriver.processCmd(CliDriver.java:164)
	at org.apache.hadoop.hive.cli.CliDriver.processLine(CliDriver.java:241)
	at org.apache.hadoop.hive.cli.CliDriver.processReader(CliDriver.java:262)
	at org.apache.hadoop.hive.cli.CliDriver.processFile(CliDriver.java:269)
	at org.apache.hadoop.hive.cli.CliDriver.main(CliDriver.java:430)
	at sun.reflect.NativeMethodAccessorImpl.invoke0(Native Method)
	at sun.reflect.NativeMethodAccessorImpl.invoke(NativeMethodAccessorImpl.java:39)
	at sun.reflect.DelegatingMethodAccessorImpl.invoke(DelegatingMethodAccessorImpl.java:25)
	at java.lang.reflect.Method.invoke(Method.java:597)
	at org.apache.hadoop.util.RunJar.main(RunJar.java:186)
Caused by: java.sql.SQLException: Failed to start database '/var/lib/hive/metastore/metastore_db', see the next exception for details.
	at org.apache.derby.impl.jdbc.SQLExceptionFactory.getSQLException(Unknown Source)
	at org.apache.derby.impl.jdbc.SQLExceptionFactory40.wrapArgsForTransportAcrossDRDA(Unknown Source)
	... 70 more
Caused by: java.sql.SQLException: Another instance of Derby may have already booted the database /var/lib/hive/metastore/metastore_db.
	at org.apache.derby.impl.jdbc.SQLExceptionFactory.getSQLException(Unknown Source)
	at org.apache.derby.impl.jdbc.SQLExceptionFactory40.wrapArgsForTransportAcrossDRDA(Unknown Source)
	at org.apache.derby.impl.jdbc.SQLExceptionFactory40.getSQLException(Unknown Source)
	at org.apache.derby.impl.jdbc.Util.generateCsSQLException(Unknown Source)
	... 67 more
Caused by: ERROR XSDB6: Another instance of Derby may have already booted the database /var/lib/hive/metastore/metastore_db.
	at org.apache.derby.iapi.error.StandardException.newException(Unknown Source)
	at org.apache.derby.impl.store.raw.data.BaseDataFileFactory.privGetJBMSLockOnDB(Unknown Source)
	at org.apache.derby.impl.store.raw.data.BaseDataFileFactory.run(Unknown Source)
	at java.security.AccessController.doPrivileged(Native Method)
	at org.apache.derby.impl.store.raw.data.BaseDataFileFactory.getJBMSLockOnDB(Unknown Source)
	at org.apache.derby.impl.store.raw.data.BaseDataFileFactory.boot(Unknown Source)
	at org.apache.derby.impl.services.monitor.BaseMonitor.boot(Unknown Source)
	at org.apache.derby.impl.services.monitor.TopService.bootModule(Unknown Source)
	at org.apache.derby.impl.services.monitor.BaseMonitor.startModule(Unknown Source)
	at org.apache.derby.iapi.services.monitor.Monitor.bootServiceModule(Unknown Source)
	at org.apache.derby.impl.store.raw.RawStore.boot(Unknown Source)
	at org.apache.derby.impl.services.monitor.BaseMonitor.boot(Unknown Source)
	at org.apache.derby.impl.services.monitor.TopService.bootModule(Unknown Source)
	at org.apache.derby.impl.services.monitor.BaseMonitor.startModule(Unknown Source)
	at org.apache.derby.iapi.services.monitor.Monitor.bootServiceModule(Unknown Source)
	at org.apache.derby.impl.store.access.RAMAccessManager.boot(Unknown Source)
	at org.apache.derby.impl.services.monitor.BaseMonitor.boot(Unknown Source)
	at org.apache.derby.impl.services.monitor.TopService.bootModule(Unknown Source)
	at org.apache.derby.impl.services.monitor.BaseMonitor.startModule(Unknown Source)
	at org.apache.derby.iapi.services.monitor.Monitor.bootServiceModule(Unknown Source)
	at org.apache.derby.impl.db.BasicDatabase.bootStore(Unknown Source)
	at org.apache.derby.impl.db.BasicDatabase.boot(Unknown Source)
	at org.apache.derby.impl.services.monitor.BaseMonitor.boot(Unknown Source)
	at org.apache.derby.impl.services.monitor.TopService.bootModule(Unknown Source)
	at org.apache.derby.impl.services.monitor.BaseMonitor.bootService(Unknown Source)
	at org.apache.derby.impl.services.monitor.BaseMonitor.startProviderService(Unknown Source)
	at org.apache.derby.impl.services.monitor.BaseMonitor.findProviderAndStartService(Unknown Source)
	at org.apache.derby.impl.services.monitor.BaseMonitor.startPersistentService(Unknown Source)
	at org.apache.derby.iapi.services.monitor.Monitor.startPersistentService(Unknown Source)
	... 67 more
============= begin nested exception, level (1) ===========
java.sql.SQLException: Another instance of Derby may have already booted the database /var/lib/hive/metastore/metastore_db.
	at org.apache.derby.impl.jdbc.SQLExceptionFactory40.getSQLException(Unknown Source)
	at org.apache.derby.impl.jdbc.Util.generateCsSQLException(Unknown Source)
	at org.apache.derby.impl.jdbc.EmbedConnection.bootDatabase(Unknown Source)
	at org.apache.derby.impl.jdbc.EmbedConnection.<init>(Unknown Source)
	at org.apache.derby.impl.jdbc.EmbedConnection30.<init>(Unknown Source)
	at org.apache.derby.impl.jdbc.EmbedConnection40.<init>(Unknown Source)
	at org.apache.derby.jdbc.Driver40.getNewEmbedConnection(Unknown Source)
	at org.apache.derby.jdbc.InternalDriver.connect(Unknown Source)
	at org.apache.derby.jdbc.AutoloadedDriver.connect(Unknown Source)
	at java.sql.DriverManager.getConnection(DriverManager.java:582)
	at java.sql.DriverManager.getConnection(DriverManager.java:185)
	at org.apache.commons.dbcp.DriverManagerConnectionFactory.createConnection(DriverManagerConnectionFactory.java:75)
	at org.apache.commons.dbcp.PoolableConnectionFactory.makeObject(PoolableConnectionFactory.java:582)
	at org.apache.commons.pool.impl.GenericObjectPool.borrowObject(GenericObjectPool.java:1148)
	at org.apache.commons.dbcp.PoolingDataSource.getConnection(PoolingDataSource.java:106)
	at org.datanucleus.store.rdbms.ConnectionFactoryImpl$ManagedConnectionImpl.getConnection(ConnectionFactoryImpl.java:521)
	at org.datanucleus.store.rdbms.RDBMSStoreManager.<init>(RDBMSStoreManager.java:290)
	at sun.reflect.NativeConstructorAccessorImpl.newInstance0(Native Method)
	at sun.reflect.NativeConstructorAccessorImpl.newInstance(NativeConstructorAccessorImpl.java:39)
	at sun.reflect.DelegatingConstructorAccessorImpl.newInstance(DelegatingConstructorAccessorImpl.java:27)
	at java.lang.reflect.Constructor.newInstance(Constructor.java:513)
	at org.datanucleus.plugin.NonManagedPluginRegistry.createExecutableExtension(NonManagedPluginRegistry.java:588)
	at org.datanucleus.plugin.PluginManager.createExecutableExtension(PluginManager.java:300)
	at org.datanucleus.ObjectManagerFactoryImpl.initialiseStoreManager(ObjectManagerFactoryImpl.java:161)
	at org.datanucleus.jdo.JDOPersistenceManagerFactory.freezeConfiguration(JDOPersistenceManagerFactory.java:583)
	at org.datanucleus.jdo.JDOPersistenceManagerFactory.createPersistenceManagerFactory(JDOPersistenceManagerFactory.java:286)
	at org.datanucleus.jdo.JDOPersistenceManagerFactory.getPersistenceManagerFactory(JDOPersistenceManagerFactory.java:182)
	at sun.reflect.NativeMethodAccessorImpl.invoke0(Native Method)
	at sun.reflect.NativeMethodAccessorImpl.invoke(NativeMethodAccessorImpl.java:39)
	at sun.reflect.DelegatingMethodAccessorImpl.invoke(DelegatingMethodAccessorImpl.java:25)
	at java.lang.reflect.Method.invoke(Method.java:597)
	at javax.jdo.JDOHelper$16.run(JDOHelper.java:1958)
	at java.security.AccessController.doPrivileged(Native Method)
	at javax.jdo.JDOHelper.invoke(JDOHelper.java:1953)
	at javax.jdo.JDOHelper.invokeGetPersistenceManagerFactoryOnImplementation(JDOHelper.java:1159)
	at javax.jdo.JDOHelper.getPersistenceManagerFactory(JDOHelper.java:803)
	at javax.jdo.JDOHelper.getPersistenceManagerFactory(JDOHelper.java:698)
	at org.apache.hadoop.hive.metastore.ObjectStore.getPMF(ObjectStore.java:234)
	at org.apache.hadoop.hive.metastore.ObjectStore.getPersistenceManager(ObjectStore.java:261)
	at org.apache.hadoop.hive.metastore.ObjectStore.initialize(ObjectStore.java:196)
	at org.apache.hadoop.hive.metastore.ObjectStore.setConf(ObjectStore.java:171)
	at org.apache.hadoop.util.ReflectionUtils.setConf(ReflectionUtils.java:62)
	at org.apache.hadoop.util.ReflectionUtils.newInstance(ReflectionUtils.java:117)
	at org.apache.hadoop.hive.metastore.HiveMetaStore$HMSHandler.getMS(HiveMetaStore.java:354)
	at org.apache.hadoop.hive.metastore.HiveMetaStore$HMSHandler.executeWithRetry(HiveMetaStore.java:306)
	at org.apache.hadoop.hive.metastore.HiveMetaStore$HMSHandler.createDefaultDB(HiveMetaStore.java:451)
	at org.apache.hadoop.hive.metastore.HiveMetaStore$HMSHandler.init(HiveMetaStore.java:232)
	at org.apache.hadoop.hive.metastore.HiveMetaStore$HMSHandler.<init>(HiveMetaStore.java:197)
	at org.apache.hadoop.hive.metastore.HiveMetaStoreClient.<init>(HiveMetaStoreClient.java:108)
	at org.apache.hadoop.hive.ql.metadata.Hive.createMetaStoreClient(Hive.java:1855)
	at org.apache.hadoop.hive.ql.metadata.Hive.getMSC(Hive.java:1865)
	at org.apache.hadoop.hive.ql.metadata.Hive.createTable(Hive.java:470)
	at org.apache.hadoop.hive.ql.exec.DDLTask.createTable(DDLTask.java:3146)
	at org.apache.hadoop.hive.ql.exec.DDLTask.execute(DDLTask.java:213)
	at org.apache.hadoop.hive.ql.exec.Task.executeTask(Task.java:130)
	at org.apache.hadoop.hive.ql.exec.TaskRunner.runSequential(TaskRunner.java:57)
	at org.apache.hadoop.hive.ql.Driver.launchTask(Driver.java:1063)
	at org.apache.hadoop.hive.ql.Driver.execute(Driver.java:900)
	at org.apache.hadoop.hive.ql.Driver.run(Driver.java:748)
	at org.apache.hadoop.hive.cli.CliDriver.processCmd(CliDriver.java:164)
	at org.apache.hadoop.hive.cli.CliDriver.processLine(CliDriver.java:241)
	at org.apache.hadoop.hive.cli.CliDriver.processReader(CliDriver.java:262)
	at org.apache.hadoop.hive.cli.CliDriver.processFile(CliDriver.java:269)
	at org.apache.hadoop.hive.cli.CliDriver.main(CliDriver.java:430)
	at sun.reflect.NativeMethodAccessorImpl.invoke0(Native Method)
	at sun.reflect.NativeMethodAccessorImpl.invoke(NativeMethodAccessorImpl.java:39)
	at sun.reflect.DelegatingMethodAccessorImpl.invoke(DelegatingMethodAccessorImpl.java:25)
	at java.lang.reflect.Method.invoke(Method.java:597)
	at org.apache.hadoop.util.RunJar.main(RunJar.java:186)
Caused by: java.sql.SQLException: Another instance of Derby may have already booted the database /var/lib/hive/metastore/metastore_db.
	at org.apache.derby.impl.jdbc.SQLExceptionFactory.getSQLException(Unknown Source)
	at org.apache.derby.impl.jdbc.SQLExceptionFactory40.wrapArgsForTransportAcrossDRDA(Unknown Source)
	... 69 more
Caused by: ERROR XSDB6: Another instance of Derby may have already booted the database /var/lib/hive/metastore/metastore_db.
	at org.apache.derby.iapi.error.StandardException.newException(Unknown Source)
	at org.apache.derby.impl.store.raw.data.BaseDataFileFactory.privGetJBMSLockOnDB(Unknown Source)
	at org.apache.derby.impl.store.raw.data.BaseDataFileFactory.run(Unknown Source)
	at java.security.AccessController.doPrivileged(Native Method)
	at org.apache.derby.impl.store.raw.data.BaseDataFileFactory.getJBMSLockOnDB(Unknown Source)
	at org.apache.derby.impl.store.raw.data.BaseDataFileFactory.boot(Unknown Source)
	at org.apache.derby.impl.services.monitor.BaseMonitor.boot(Unknown Source)
	at org.apache.derby.impl.services.monitor.TopService.bootModule(Unknown Source)
	at org.apache.derby.impl.services.monitor.BaseMonitor.startModule(Unknown Source)
	at org.apache.derby.iapi.services.monitor.Monitor.bootServiceModule(Unknown Source)
	at org.apache.derby.impl.store.raw.RawStore.boot(Unknown Source)
	at org.apache.derby.impl.services.monitor.BaseMonitor.boot(Unknown Source)
	at org.apache.derby.impl.services.monitor.TopService.bootModule(Unknown Source)
	at org.apache.derby.impl.services.monitor.BaseMonitor.startModule(Unknown Source)
	at org.apache.derby.iapi.services.monitor.Monitor.bootServiceModule(Unknown Source)
	at org.apache.derby.impl.store.access.RAMAccessManager.boot(Unknown Source)
	at org.apache.derby.impl.services.monitor.BaseMonitor.boot(Unknown Source)
	at org.apache.derby.impl.services.monitor.TopService.bootModule(Unknown Source)
	at org.apache.derby.impl.services.monitor.BaseMonitor.startModule(Unknown Source)
	at org.apache.derby.iapi.services.monitor.Monitor.bootServiceModule(Unknown Source)
	at org.apache.derby.impl.db.BasicDatabase.bootStore(Unknown Source)
	at org.apache.derby.impl.db.BasicDatabase.boot(Unknown Source)
	at org.apache.derby.impl.services.monitor.BaseMonitor.boot(Unknown Source)
	at org.apache.derby.impl.services.monitor.TopService.bootModule(Unknown Source)
	at org.apache.derby.impl.services.monitor.BaseMonitor.bootService(Unknown Source)
	at org.apache.derby.impl.services.monitor.BaseMonitor.startProviderService(Unknown Source)
	at org.apache.derby.impl.services.monitor.BaseMonitor.findProviderAndStartService(Unknown Source)
	at org.apache.derby.impl.services.monitor.BaseMonitor.startPersistentService(Unknown Source)
	at org.apache.derby.iapi.services.monitor.Monitor.startPersistentService(Unknown Source)
	... 67 more
============= end nested exception, level (1) ===========
============= begin nested exception, level (2) ===========
java.sql.SQLException: Another instance of Derby may have already booted the database /var/lib/hive/metastore/metastore_db.
	at org.apache.derby.impl.jdbc.SQLExceptionFactory.getSQLException(Unknown Source)
	at org.apache.derby.impl.jdbc.SQLExceptionFactory40.wrapArgsForTransportAcrossDRDA(Unknown Source)
	at org.apache.derby.impl.jdbc.SQLExceptionFactory40.getSQLException(Unknown Source)
	at org.apache.derby.impl.jdbc.Util.generateCsSQLException(Unknown Source)
	at org.apache.derby.impl.jdbc.EmbedConnection.bootDatabase(Unknown Source)
	at org.apache.derby.impl.jdbc.EmbedConnection.<init>(Unknown Source)
	at org.apache.derby.impl.jdbc.EmbedConnection30.<init>(Unknown Source)
	at org.apache.derby.impl.jdbc.EmbedConnection40.<init>(Unknown Source)
	at org.apache.derby.jdbc.Driver40.getNewEmbedConnection(Unknown Source)
	at org.apache.derby.jdbc.InternalDriver.connect(Unknown Source)
	at org.apache.derby.jdbc.AutoloadedDriver.connect(Unknown Source)
	at java.sql.DriverManager.getConnection(DriverManager.java:582)
	at java.sql.DriverManager.getConnection(DriverManager.java:185)
	at org.apache.commons.dbcp.DriverManagerConnectionFactory.createConnection(DriverManagerConnectionFactory.java:75)
	at org.apache.commons.dbcp.PoolableConnectionFactory.makeObject(PoolableConnectionFactory.java:582)
	at org.apache.commons.pool.impl.GenericObjectPool.borrowObject(GenericObjectPool.java:1148)
	at org.apache.commons.dbcp.PoolingDataSource.getConnection(PoolingDataSource.java:106)
	at org.datanucleus.store.rdbms.ConnectionFactoryImpl$ManagedConnectionImpl.getConnection(ConnectionFactoryImpl.java:521)
	at org.datanucleus.store.rdbms.RDBMSStoreManager.<init>(RDBMSStoreManager.java:290)
	at sun.reflect.NativeConstructorAccessorImpl.newInstance0(Native Method)
	at sun.reflect.NativeConstructorAccessorImpl.newInstance(NativeConstructorAccessorImpl.java:39)
	at sun.reflect.DelegatingConstructorAccessorImpl.newInstance(DelegatingConstructorAccessorImpl.java:27)
	at java.lang.reflect.Constructor.newInstance(Constructor.java:513)
	at org.datanucleus.plugin.NonManagedPluginRegistry.createExecutableExtension(NonManagedPluginRegistry.java:588)
	at org.datanucleus.plugin.PluginManager.createExecutableExtension(PluginManager.java:300)
	at org.datanucleus.ObjectManagerFactoryImpl.initialiseStoreManager(ObjectManagerFactoryImpl.java:161)
	at org.datanucleus.jdo.JDOPersistenceManagerFactory.freezeConfiguration(JDOPersistenceManagerFactory.java:583)
	at org.datanucleus.jdo.JDOPersistenceManagerFactory.createPersistenceManagerFactory(JDOPersistenceManagerFactory.java:286)
	at org.datanucleus.jdo.JDOPersistenceManagerFactory.getPersistenceManagerFactory(JDOPersistenceManagerFactory.java:182)
	at sun.reflect.NativeMethodAccessorImpl.invoke0(Native Method)
	at sun.reflect.NativeMethodAccessorImpl.invoke(NativeMethodAccessorImpl.java:39)
	at sun.reflect.DelegatingMethodAccessorImpl.invoke(DelegatingMethodAccessorImpl.java:25)
	at java.lang.reflect.Method.invoke(Method.java:597)
	at javax.jdo.JDOHelper$16.run(JDOHelper.java:1958)
	at java.security.AccessController.doPrivileged(Native Method)
	at javax.jdo.JDOHelper.invoke(JDOHelper.java:1953)
	at javax.jdo.JDOHelper.invokeGetPersistenceManagerFactoryOnImplementation(JDOHelper.java:1159)
	at javax.jdo.JDOHelper.getPersistenceManagerFactory(JDOHelper.java:803)
	at javax.jdo.JDOHelper.getPersistenceManagerFactory(JDOHelper.java:698)
	at org.apache.hadoop.hive.metastore.ObjectStore.getPMF(ObjectStore.java:234)
	at org.apache.hadoop.hive.metastore.ObjectStore.getPersistenceManager(ObjectStore.java:261)
	at org.apache.hadoop.hive.metastore.ObjectStore.initialize(ObjectStore.java:196)
	at org.apache.hadoop.hive.metastore.ObjectStore.setConf(ObjectStore.java:171)
	at org.apache.hadoop.util.ReflectionUtils.setConf(ReflectionUtils.java:62)
	at org.apache.hadoop.util.ReflectionUtils.newInstance(ReflectionUtils.java:117)
	at org.apache.hadoop.hive.metastore.HiveMetaStore$HMSHandler.getMS(HiveMetaStore.java:354)
	at org.apache.hadoop.hive.metastore.HiveMetaStore$HMSHandler.executeWithRetry(HiveMetaStore.java:306)
	at org.apache.hadoop.hive.metastore.HiveMetaStore$HMSHandler.createDefaultDB(HiveMetaStore.java:451)
	at org.apache.hadoop.hive.metastore.HiveMetaStore$HMSHandler.init(HiveMetaStore.java:232)
	at org.apache.hadoop.hive.metastore.HiveMetaStore$HMSHandler.<init>(HiveMetaStore.java:197)
	at org.apache.hadoop.hive.metastore.HiveMetaStoreClient.<init>(HiveMetaStoreClient.java:108)
	at org.apache.hadoop.hive.ql.metadata.Hive.createMetaStoreClient(Hive.java:1855)
	at org.apache.hadoop.hive.ql.metadata.Hive.getMSC(Hive.java:1865)
	at org.apache.hadoop.hive.ql.metadata.Hive.createTable(Hive.java:470)
	at org.apache.hadoop.hive.ql.exec.DDLTask.createTable(DDLTask.java:3146)
	at org.apache.hadoop.hive.ql.exec.DDLTask.execute(DDLTask.java:213)
	at org.apache.hadoop.hive.ql.exec.Task.executeTask(Task.java:130)
	at org.apache.hadoop.hive.ql.exec.TaskRunner.runSequential(TaskRunner.java:57)
	at org.apache.hadoop.hive.ql.Driver.launchTask(Driver.java:1063)
	at org.apache.hadoop.hive.ql.Driver.execute(Driver.java:900)
	at org.apache.hadoop.hive.ql.Driver.run(Driver.java:748)
	at org.apache.hadoop.hive.cli.CliDriver.processCmd(CliDriver.java:164)
	at org.apache.hadoop.hive.cli.CliDriver.processLine(CliDriver.java:241)
	at org.apache.hadoop.hive.cli.CliDriver.processReader(CliDriver.java:262)
	at org.apache.hadoop.hive.cli.CliDriver.processFile(CliDriver.java:269)
	at org.apache.hadoop.hive.cli.CliDriver.main(CliDriver.java:430)
	at sun.reflect.NativeMethodAccessorImpl.invoke0(Native Method)
	at sun.reflect.NativeMethodAccessorImpl.invoke(NativeMethodAccessorImpl.java:39)
	at sun.reflect.DelegatingMethodAccessorImpl.invoke(DelegatingMethodAccessorImpl.java:25)
	at java.lang.reflect.Method.invoke(Method.java:597)
	at org.apache.hadoop.util.RunJar.main(RunJar.java:186)
Caused by: ERROR XSDB6: Another instance of Derby may have already booted the database /var/lib/hive/metastore/metastore_db.
	at org.apache.derby.iapi.error.StandardException.newException(Unknown Source)
	at org.apache.derby.impl.store.raw.data.BaseDataFileFactory.privGetJBMSLockOnDB(Unknown Source)
	at org.apache.derby.impl.store.raw.data.BaseDataFileFactory.run(Unknown Source)
	at java.security.AccessController.doPrivileged(Native Method)
	at org.apache.derby.impl.store.raw.data.BaseDataFileFactory.getJBMSLockOnDB(Unknown Source)
	at org.apache.derby.impl.store.raw.data.BaseDataFileFactory.boot(Unknown Source)
	at org.apache.derby.impl.services.monitor.BaseMonitor.boot(Unknown Source)
	at org.apache.derby.impl.services.monitor.TopService.bootModule(Unknown Source)
	at org.apache.derby.impl.services.monitor.BaseMonitor.startModule(Unknown Source)
	at org.apache.derby.iapi.services.monitor.Monitor.bootServiceModule(Unknown Source)
	at org.apache.derby.impl.store.raw.RawStore.boot(Unknown Source)
	at org.apache.derby.impl.services.monitor.BaseMonitor.boot(Unknown Source)
	at org.apache.derby.impl.services.monitor.TopService.bootModule(Unknown Source)
	at org.apache.derby.impl.services.monitor.BaseMonitor.startModule(Unknown Source)
	at org.apache.derby.iapi.services.monitor.Monitor.bootServiceModule(Unknown Source)
	at org.apache.derby.impl.store.access.RAMAccessManager.boot(Unknown Source)
	at org.apache.derby.impl.services.monitor.BaseMonitor.boot(Unknown Source)
	at org.apache.derby.impl.services.monitor.TopService.bootModule(Unknown Source)
	at org.apache.derby.impl.services.monitor.BaseMonitor.startModule(Unknown Source)
	at org.apache.derby.iapi.services.monitor.Monitor.bootServiceModule(Unknown Source)
	at org.apache.derby.impl.db.BasicDatabase.bootStore(Unknown Source)
	at org.apache.derby.impl.db.BasicDatabase.boot(Unknown Source)
	at org.apache.derby.impl.services.monitor.BaseMonitor.boot(Unknown Source)
	at org.apache.derby.impl.services.monitor.TopService.bootModule(Unknown Source)
	at org.apache.derby.impl.services.monitor.BaseMonitor.bootService(Unknown Source)
	at org.apache.derby.impl.services.monitor.BaseMonitor.startProviderService(Unknown Source)
	at org.apache.derby.impl.services.monitor.BaseMonitor.findProviderAndStartService(Unknown Source)
	at org.apache.derby.impl.services.monitor.BaseMonitor.startPersistentService(Unknown Source)
	at org.apache.derby.iapi.services.monitor.Monitor.startPersistentService(Unknown Source)
	... 67 more
============= end nested exception, level (2) ===========
============= begin nested exception, level (3) ===========
ERROR XSDB6: Another instance of Derby may have already booted the database /var/lib/hive/metastore/metastore_db.
	at org.apache.derby.iapi.error.StandardException.newException(Unknown Source)
	at org.apache.derby.impl.store.raw.data.BaseDataFileFactory.privGetJBMSLockOnDB(Unknown Source)
	at org.apache.derby.impl.store.raw.data.BaseDataFileFactory.run(Unknown Source)
	at java.security.AccessController.doPrivileged(Native Method)
	at org.apache.derby.impl.store.raw.data.BaseDataFileFactory.getJBMSLockOnDB(Unknown Source)
	at org.apache.derby.impl.store.raw.data.BaseDataFileFactory.boot(Unknown Source)
	at org.apache.derby.impl.services.monitor.BaseMonitor.boot(Unknown Source)
	at org.apache.derby.impl.services.monitor.TopService.bootModule(Unknown Source)
	at org.apache.derby.impl.services.monitor.BaseMonitor.startModule(Unknown Source)
	at org.apache.derby.iapi.services.monitor.Monitor.bootServiceModule(Unknown Source)
	at org.apache.derby.impl.store.raw.RawStore.boot(Unknown Source)
	at org.apache.derby.impl.services.monitor.BaseMonitor.boot(Unknown Source)
	at org.apache.derby.impl.services.monitor.TopService.bootModule(Unknown Source)
	at org.apache.derby.impl.services.monitor.BaseMonitor.startModule(Unknown Source)
	at org.apache.derby.iapi.services.monitor.Monitor.bootServiceModule(Unknown Source)
	at org.apache.derby.impl.store.access.RAMAccessManager.boot(Unknown Source)
	at org.apache.derby.impl.services.monitor.BaseMonitor.boot(Unknown Source)
	at org.apache.derby.impl.services.monitor.TopService.bootModule(Unknown Source)
	at org.apache.derby.impl.services.monitor.BaseMonitor.startModule(Unknown Source)
	at org.apache.derby.iapi.services.monitor.Monitor.bootServiceModule(Unknown Source)
	at org.apache.derby.impl.db.BasicDatabase.bootStore(Unknown Source)
	at org.apache.derby.impl.db.BasicDatabase.boot(Unknown Source)
	at org.apache.derby.impl.services.monitor.BaseMonitor.boot(Unknown Source)
	at org.apache.derby.impl.services.monitor.TopService.bootModule(Unknown Source)
	at org.apache.derby.impl.services.monitor.BaseMonitor.bootService(Unknown Source)
	at org.apache.derby.impl.services.monitor.BaseMonitor.startProviderService(Unknown Source)
	at org.apache.derby.impl.services.monitor.BaseMonitor.findProviderAndStartService(Unknown Source)
	at org.apache.derby.impl.services.monitor.BaseMonitor.startPersistentService(Unknown Source)
	at org.apache.derby.iapi.services.monitor.Monitor.startPersistentService(Unknown Source)
	at org.apache.derby.impl.jdbc.EmbedConnection.bootDatabase(Unknown Source)
	at org.apache.derby.impl.jdbc.EmbedConnection.<init>(Unknown Source)
	at org.apache.derby.impl.jdbc.EmbedConnection30.<init>(Unknown Source)
	at org.apache.derby.impl.jdbc.EmbedConnection40.<init>(Unknown Source)
	at org.apache.derby.jdbc.Driver40.getNewEmbedConnection(Unknown Source)
	at org.apache.derby.jdbc.InternalDriver.connect(Unknown Source)
	at org.apache.derby.jdbc.AutoloadedDriver.connect(Unknown Source)
	at java.sql.DriverManager.getConnection(DriverManager.java:582)
	at java.sql.DriverManager.getConnection(DriverManager.java:185)
	at org.apache.commons.dbcp.DriverManagerConnectionFactory.createConnection(DriverManagerConnectionFactory.java:75)
	at org.apache.commons.dbcp.PoolableConnectionFactory.makeObject(PoolableConnectionFactory.java:582)
	at org.apache.commons.pool.impl.GenericObjectPool.borrowObject(GenericObjectPool.java:1148)
	at org.apache.commons.dbcp.PoolingDataSource.getConnection(PoolingDataSource.java:106)
	at org.datanucleus.store.rdbms.ConnectionFactoryImpl$ManagedConnectionImpl.getConnection(ConnectionFactoryImpl.java:521)
	at org.datanucleus.store.rdbms.RDBMSStoreManager.<init>(RDBMSStoreManager.java:290)
	at sun.reflect.NativeConstructorAccessorImpl.newInstance0(Native Method)
	at sun.reflect.NativeConstructorAccessorImpl.newInstance(NativeConstructorAccessorImpl.java:39)
	at sun.reflect.DelegatingConstructorAccessorImpl.newInstance(DelegatingConstructorAccessorImpl.java:27)
	at java.lang.reflect.Constructor.newInstance(Constructor.java:513)
	at org.datanucleus.plugin.NonManagedPluginRegistry.createExecutableExtension(NonManagedPluginRegistry.java:588)
	at org.datanucleus.plugin.PluginManager.createExecutableExtension(PluginManager.java:300)
	at org.datanucleus.ObjectManagerFactoryImpl.initialiseStoreManager(ObjectManagerFactoryImpl.java:161)
	at org.datanucleus.jdo.JDOPersistenceManagerFactory.freezeConfiguration(JDOPersistenceManagerFactory.java:583)
	at org.datanucleus.jdo.JDOPersistenceManagerFactory.createPersistenceManagerFactory(JDOPersistenceManagerFactory.java:286)
	at org.datanucleus.jdo.JDOPersistenceManagerFactory.getPersistenceManagerFactory(JDOPersistenceManagerFactory.java:182)
	at sun.reflect.NativeMethodAccessorImpl.invoke0(Native Method)
	at sun.reflect.NativeMethodAccessorImpl.invoke(NativeMethodAccessorImpl.java:39)
	at sun.reflect.DelegatingMethodAccessorImpl.invoke(DelegatingMethodAccessorImpl.java:25)
	at java.lang.reflect.Method.invoke(Method.java:597)
	at javax.jdo.JDOHelper$16.run(JDOHelper.java:1958)
	at java.security.AccessController.doPrivileged(Native Method)
	at javax.jdo.JDOHelper.invoke(JDOHelper.java:1953)
	at javax.jdo.JDOHelper.invokeGetPersistenceManagerFactoryOnImplementation(JDOHelper.java:1159)
	at javax.jdo.JDOHelper.getPersistenceManagerFactory(JDOHelper.java:803)
	at javax.jdo.JDOHelper.getPersistenceManagerFactory(JDOHelper.java:698)
	at org.apache.hadoop.hive.metastore.ObjectStore.getPMF(ObjectStore.java:234)
	at org.apache.hadoop.hive.metastore.ObjectStore.getPersistenceManager(ObjectStore.java:261)
	at org.apache.hadoop.hive.metastore.ObjectStore.initialize(ObjectStore.java:196)
	at org.apache.hadoop.hive.metastore.ObjectStore.setConf(ObjectStore.java:171)
	at org.apache.hadoop.util.ReflectionUtils.setConf(ReflectionUtils.java:62)
	at org.apache.hadoop.util.ReflectionUtils.newInstance(ReflectionUtils.java:117)
	at org.apache.hadoop.hive.metastore.HiveMetaStore$HMSHandler.getMS(HiveMetaStore.java:354)
	at org.apache.hadoop.hive.metastore.HiveMetaStore$HMSHandler.executeWithRetry(HiveMetaStore.java:306)
	at org.apache.hadoop.hive.metastore.HiveMetaStore$HMSHandler.createDefaultDB(HiveMetaStore.java:451)
	at org.apache.hadoop.hive.metastore.HiveMetaStore$HMSHandler.init(HiveMetaStore.java:232)
	at org.apache.hadoop.hive.metastore.HiveMetaStore$HMSHandler.<init>(HiveMetaStore.java:197)
	at org.apache.hadoop.hive.metastore.HiveMetaStoreClient.<init>(HiveMetaStoreClient.java:108)
	at org.apache.hadoop.hive.ql.metadata.Hive.createMetaStoreClient(Hive.java:1855)
	at org.apache.hadoop.hive.ql.metadata.Hive.getMSC(Hive.java:1865)
	at org.apache.hadoop.hive.ql.metadata.Hive.createTable(Hive.java:470)
	at org.apache.hadoop.hive.ql.exec.DDLTask.createTable(DDLTask.java:3146)
	at org.apache.hadoop.hive.ql.exec.DDLTask.execute(DDLTask.java:213)
	at org.apache.hadoop.hive.ql.exec.Task.executeTask(Task.java:130)
	at org.apache.hadoop.hive.ql.exec.TaskRunner.runSequential(TaskRunner.java:57)
	at org.apache.hadoop.hive.ql.Driver.launchTask(Driver.java:1063)
	at org.apache.hadoop.hive.ql.Driver.execute(Driver.java:900)
	at org.apache.hadoop.hive.ql.Driver.run(Driver.java:748)
	at org.apache.hadoop.hive.cli.CliDriver.processCmd(CliDriver.java:164)
	at org.apache.hadoop.hive.cli.CliDriver.processLine(CliDriver.java:241)
	at org.apache.hadoop.hive.cli.CliDriver.processReader(CliDriver.java:262)
	at org.apache.hadoop.hive.cli.CliDriver.processFile(CliDriver.java:269)
	at org.apache.hadoop.hive.cli.CliDriver.main(CliDriver.java:430)
	at sun.reflect.NativeMethodAccessorImpl.invoke0(Native Method)
	at sun.reflect.NativeMethodAccessorImpl.invoke(NativeMethodAccessorImpl.java:39)
	at sun.reflect.DelegatingMethodAccessorImpl.invoke(DelegatingMethodAccessorImpl.java:25)
	at java.lang.reflect.Method.invoke(Method.java:597)
	at org.apache.hadoop.util.RunJar.main(RunJar.java:186)
============= end nested exception, level (3) ===========
Cleanup action completed
2017-04-30 17:37:47.889 GMT Thread[main,5,main] Cleanup action starting
java.sql.SQLException: Failed to start database '/var/lib/hive/metastore/metastore_db', see the next exception for details.
	at org.apache.derby.impl.jdbc.SQLExceptionFactory40.getSQLException(Unknown Source)
	at org.apache.derby.impl.jdbc.Util.newEmbedSQLException(Unknown Source)
	at org.apache.derby.impl.jdbc.Util.seeNextException(Unknown Source)
	at org.apache.derby.impl.jdbc.EmbedConnection.bootDatabase(Unknown Source)
	at org.apache.derby.impl.jdbc.EmbedConnection.<init>(Unknown Source)
	at org.apache.derby.impl.jdbc.EmbedConnection30.<init>(Unknown Source)
	at org.apache.derby.impl.jdbc.EmbedConnection40.<init>(Unknown Source)
	at org.apache.derby.jdbc.Driver40.getNewEmbedConnection(Unknown Source)
	at org.apache.derby.jdbc.InternalDriver.connect(Unknown Source)
	at org.apache.derby.jdbc.AutoloadedDriver.connect(Unknown Source)
	at java.sql.DriverManager.getConnection(DriverManager.java:582)
	at java.sql.DriverManager.getConnection(DriverManager.java:185)
	at org.apache.commons.dbcp.DriverManagerConnectionFactory.createConnection(DriverManagerConnectionFactory.java:75)
	at org.apache.commons.dbcp.PoolableConnectionFactory.makeObject(PoolableConnectionFactory.java:582)
	at org.apache.commons.pool.impl.GenericObjectPool.borrowObject(GenericObjectPool.java:1148)
	at org.apache.commons.dbcp.PoolingDataSource.getConnection(PoolingDataSource.java:106)
	at org.datanucleus.store.rdbms.ConnectionFactoryImpl$ManagedConnectionImpl.getConnection(ConnectionFactoryImpl.java:521)
	at org.datanucleus.store.rdbms.RDBMSStoreManager.<init>(RDBMSStoreManager.java:290)
	at sun.reflect.NativeConstructorAccessorImpl.newInstance0(Native Method)
	at sun.reflect.NativeConstructorAccessorImpl.newInstance(NativeConstructorAccessorImpl.java:39)
	at sun.reflect.DelegatingConstructorAccessorImpl.newInstance(DelegatingConstructorAccessorImpl.java:27)
	at java.lang.reflect.Constructor.newInstance(Constructor.java:513)
	at org.datanucleus.plugin.NonManagedPluginRegistry.createExecutableExtension(NonManagedPluginRegistry.java:588)
	at org.datanucleus.plugin.PluginManager.createExecutableExtension(PluginManager.java:300)
	at org.datanucleus.ObjectManagerFactoryImpl.initialiseStoreManager(ObjectManagerFactoryImpl.java:161)
	at org.datanucleus.jdo.JDOPersistenceManagerFactory.freezeConfiguration(JDOPersistenceManagerFactory.java:583)
	at org.datanucleus.jdo.JDOPersistenceManagerFactory.createPersistenceManagerFactory(JDOPersistenceManagerFactory.java:286)
	at org.datanucleus.jdo.JDOPersistenceManagerFactory.getPersistenceManagerFactory(JDOPersistenceManagerFactory.java:182)
	at sun.reflect.NativeMethodAccessorImpl.invoke0(Native Method)
	at sun.reflect.NativeMethodAccessorImpl.invoke(NativeMethodAccessorImpl.java:39)
	at sun.reflect.DelegatingMethodAccessorImpl.invoke(DelegatingMethodAccessorImpl.java:25)
	at java.lang.reflect.Method.invoke(Method.java:597)
	at javax.jdo.JDOHelper$16.run(JDOHelper.java:1958)
	at java.security.AccessController.doPrivileged(Native Method)
	at javax.jdo.JDOHelper.invoke(JDOHelper.java:1953)
	at javax.jdo.JDOHelper.invokeGetPersistenceManagerFactoryOnImplementation(JDOHelper.java:1159)
	at javax.jdo.JDOHelper.getPersistenceManagerFactory(JDOHelper.java:803)
	at javax.jdo.JDOHelper.getPersistenceManagerFactory(JDOHelper.java:698)
	at org.apache.hadoop.hive.metastore.ObjectStore.getPMF(ObjectStore.java:234)
	at org.apache.hadoop.hive.metastore.ObjectStore.getPersistenceManager(ObjectStore.java:261)
	at org.apache.hadoop.hive.metastore.ObjectStore.initialize(ObjectStore.java:196)
	at org.apache.hadoop.hive.metastore.ObjectStore.setConf(ObjectStore.java:171)
	at org.apache.hadoop.util.ReflectionUtils.setConf(ReflectionUtils.java:62)
	at org.apache.hadoop.util.ReflectionUtils.newInstance(ReflectionUtils.java:117)
	at org.apache.hadoop.hive.metastore.HiveMetaStore$HMSHandler.getMS(HiveMetaStore.java:354)
	at org.apache.hadoop.hive.metastore.HiveMetaStore$HMSHandler.executeWithRetry(HiveMetaStore.java:306)
	at org.apache.hadoop.hive.metastore.HiveMetaStore$HMSHandler.createDefaultDB(HiveMetaStore.java:451)
	at org.apache.hadoop.hive.metastore.HiveMetaStore$HMSHandler.init(HiveMetaStore.java:232)
	at org.apache.hadoop.hive.metastore.HiveMetaStore$HMSHandler.<init>(HiveMetaStore.java:197)
	at org.apache.hadoop.hive.metastore.HiveMetaStoreClient.<init>(HiveMetaStoreClient.java:108)
	at org.apache.hadoop.hive.ql.metadata.Hive.createMetaStoreClient(Hive.java:1855)
	at org.apache.hadoop.hive.ql.metadata.Hive.getMSC(Hive.java:1865)
	at org.apache.hadoop.hive.ql.metadata.Hive.createTable(Hive.java:470)
	at org.apache.hadoop.hive.ql.exec.DDLTask.createTable(DDLTask.java:3146)
	at org.apache.hadoop.hive.ql.exec.DDLTask.execute(DDLTask.java:213)
	at org.apache.hadoop.hive.ql.exec.Task.executeTask(Task.java:130)
	at org.apache.hadoop.hive.ql.exec.TaskRunner.runSequential(TaskRunner.java:57)
	at org.apache.hadoop.hive.ql.Driver.launchTask(Driver.java:1063)
	at org.apache.hadoop.hive.ql.Driver.execute(Driver.java:900)
	at org.apache.hadoop.hive.ql.Driver.run(Driver.java:748)
	at org.apache.hadoop.hive.cli.CliDriver.processCmd(CliDriver.java:164)
	at org.apache.hadoop.hive.cli.CliDriver.processLine(CliDriver.java:241)
	at org.apache.hadoop.hive.cli.CliDriver.processReader(CliDriver.java:262)
	at org.apache.hadoop.hive.cli.CliDriver.processFile(CliDriver.java:269)
	at org.apache.hadoop.hive.cli.CliDriver.main(CliDriver.java:430)
	at sun.reflect.NativeMethodAccessorImpl.invoke0(Native Method)
	at sun.reflect.NativeMethodAccessorImpl.invoke(NativeMethodAccessorImpl.java:39)
	at sun.reflect.DelegatingMethodAccessorImpl.invoke(DelegatingMethodAccessorImpl.java:25)
	at java.lang.reflect.Method.invoke(Method.java:597)
	at org.apache.hadoop.util.RunJar.main(RunJar.java:186)
Caused by: java.sql.SQLException: Failed to start database '/var/lib/hive/metastore/metastore_db', see the next exception for details.
	at org.apache.derby.impl.jdbc.SQLExceptionFactory.getSQLException(Unknown Source)
	at org.apache.derby.impl.jdbc.SQLExceptionFactory40.wrapArgsForTransportAcrossDRDA(Unknown Source)
	... 70 more
Caused by: java.sql.SQLException: Another instance of Derby may have already booted the database /var/lib/hive/metastore/metastore_db.
	at org.apache.derby.impl.jdbc.SQLExceptionFactory.getSQLException(Unknown Source)
	at org.apache.derby.impl.jdbc.SQLExceptionFactory40.wrapArgsForTransportAcrossDRDA(Unknown Source)
	at org.apache.derby.impl.jdbc.SQLExceptionFactory40.getSQLException(Unknown Source)
	at org.apache.derby.impl.jdbc.Util.generateCsSQLException(Unknown Source)
	... 67 more
Caused by: ERROR XSDB6: Another instance of Derby may have already booted the database /var/lib/hive/metastore/metastore_db.
	at org.apache.derby.iapi.error.StandardException.newException(Unknown Source)
	at org.apache.derby.impl.store.raw.data.BaseDataFileFactory.privGetJBMSLockOnDB(Unknown Source)
	at org.apache.derby.impl.store.raw.data.BaseDataFileFactory.run(Unknown Source)
	at java.security.AccessController.doPrivileged(Native Method)
	at org.apache.derby.impl.store.raw.data.BaseDataFileFactory.getJBMSLockOnDB(Unknown Source)
	at org.apache.derby.impl.store.raw.data.BaseDataFileFactory.boot(Unknown Source)
	at org.apache.derby.impl.services.monitor.BaseMonitor.boot(Unknown Source)
	at org.apache.derby.impl.services.monitor.TopService.bootModule(Unknown Source)
	at org.apache.derby.impl.services.monitor.BaseMonitor.startModule(Unknown Source)
	at org.apache.derby.iapi.services.monitor.Monitor.bootServiceModule(Unknown Source)
	at org.apache.derby.impl.store.raw.RawStore.boot(Unknown Source)
	at org.apache.derby.impl.services.monitor.BaseMonitor.boot(Unknown Source)
	at org.apache.derby.impl.services.monitor.TopService.bootModule(Unknown Source)
	at org.apache.derby.impl.services.monitor.BaseMonitor.startModule(Unknown Source)
	at org.apache.derby.iapi.services.monitor.Monitor.bootServiceModule(Unknown Source)
	at org.apache.derby.impl.store.access.RAMAccessManager.boot(Unknown Source)
	at org.apache.derby.impl.services.monitor.BaseMonitor.boot(Unknown Source)
	at org.apache.derby.impl.services.monitor.TopService.bootModule(Unknown Source)
	at org.apache.derby.impl.services.monitor.BaseMonitor.startModule(Unknown Source)
	at org.apache.derby.iapi.services.monitor.Monitor.bootServiceModule(Unknown Source)
	at org.apache.derby.impl.db.BasicDatabase.bootStore(Unknown Source)
	at org.apache.derby.impl.db.BasicDatabase.boot(Unknown Source)
	at org.apache.derby.impl.services.monitor.BaseMonitor.boot(Unknown Source)
	at org.apache.derby.impl.services.monitor.TopService.bootModule(Unknown Source)
	at org.apache.derby.impl.services.monitor.BaseMonitor.bootService(Unknown Source)
	at org.apache.derby.impl.services.monitor.BaseMonitor.startProviderService(Unknown Source)
	at org.apache.derby.impl.services.monitor.BaseMonitor.findProviderAndStartService(Unknown Source)
	at org.apache.derby.impl.services.monitor.BaseMonitor.startPersistentService(Unknown Source)
	at org.apache.derby.iapi.services.monitor.Monitor.startPersistentService(Unknown Source)
	... 67 more
============= begin nested exception, level (1) ===========
java.sql.SQLException: Another instance of Derby may have already booted the database /var/lib/hive/metastore/metastore_db.
	at org.apache.derby.impl.jdbc.SQLExceptionFactory40.getSQLException(Unknown Source)
	at org.apache.derby.impl.jdbc.Util.generateCsSQLException(Unknown Source)
	at org.apache.derby.impl.jdbc.EmbedConnection.bootDatabase(Unknown Source)
	at org.apache.derby.impl.jdbc.EmbedConnection.<init>(Unknown Source)
	at org.apache.derby.impl.jdbc.EmbedConnection30.<init>(Unknown Source)
	at org.apache.derby.impl.jdbc.EmbedConnection40.<init>(Unknown Source)
	at org.apache.derby.jdbc.Driver40.getNewEmbedConnection(Unknown Source)
	at org.apache.derby.jdbc.InternalDriver.connect(Unknown Source)
	at org.apache.derby.jdbc.AutoloadedDriver.connect(Unknown Source)
	at java.sql.DriverManager.getConnection(DriverManager.java:582)
	at java.sql.DriverManager.getConnection(DriverManager.java:185)
	at org.apache.commons.dbcp.DriverManagerConnectionFactory.createConnection(DriverManagerConnectionFactory.java:75)
	at org.apache.commons.dbcp.PoolableConnectionFactory.makeObject(PoolableConnectionFactory.java:582)
	at org.apache.commons.pool.impl.GenericObjectPool.borrowObject(GenericObjectPool.java:1148)
	at org.apache.commons.dbcp.PoolingDataSource.getConnection(PoolingDataSource.java:106)
	at org.datanucleus.store.rdbms.ConnectionFactoryImpl$ManagedConnectionImpl.getConnection(ConnectionFactoryImpl.java:521)
	at org.datanucleus.store.rdbms.RDBMSStoreManager.<init>(RDBMSStoreManager.java:290)
	at sun.reflect.NativeConstructorAccessorImpl.newInstance0(Native Method)
	at sun.reflect.NativeConstructorAccessorImpl.newInstance(NativeConstructorAccessorImpl.java:39)
	at sun.reflect.DelegatingConstructorAccessorImpl.newInstance(DelegatingConstructorAccessorImpl.java:27)
	at java.lang.reflect.Constructor.newInstance(Constructor.java:513)
	at org.datanucleus.plugin.NonManagedPluginRegistry.createExecutableExtension(NonManagedPluginRegistry.java:588)
	at org.datanucleus.plugin.PluginManager.createExecutableExtension(PluginManager.java:300)
	at org.datanucleus.ObjectManagerFactoryImpl.initialiseStoreManager(ObjectManagerFactoryImpl.java:161)
	at org.datanucleus.jdo.JDOPersistenceManagerFactory.freezeConfiguration(JDOPersistenceManagerFactory.java:583)
	at org.datanucleus.jdo.JDOPersistenceManagerFactory.createPersistenceManagerFactory(JDOPersistenceManagerFactory.java:286)
	at org.datanucleus.jdo.JDOPersistenceManagerFactory.getPersistenceManagerFactory(JDOPersistenceManagerFactory.java:182)
	at sun.reflect.NativeMethodAccessorImpl.invoke0(Native Method)
	at sun.reflect.NativeMethodAccessorImpl.invoke(NativeMethodAccessorImpl.java:39)
	at sun.reflect.DelegatingMethodAccessorImpl.invoke(DelegatingMethodAccessorImpl.java:25)
	at java.lang.reflect.Method.invoke(Method.java:597)
	at javax.jdo.JDOHelper$16.run(JDOHelper.java:1958)
	at java.security.AccessController.doPrivileged(Native Method)
	at javax.jdo.JDOHelper.invoke(JDOHelper.java:1953)
	at javax.jdo.JDOHelper.invokeGetPersistenceManagerFactoryOnImplementation(JDOHelper.java:1159)
	at javax.jdo.JDOHelper.getPersistenceManagerFactory(JDOHelper.java:803)
	at javax.jdo.JDOHelper.getPersistenceManagerFactory(JDOHelper.java:698)
	at org.apache.hadoop.hive.metastore.ObjectStore.getPMF(ObjectStore.java:234)
	at org.apache.hadoop.hive.metastore.ObjectStore.getPersistenceManager(ObjectStore.java:261)
	at org.apache.hadoop.hive.metastore.ObjectStore.initialize(ObjectStore.java:196)
	at org.apache.hadoop.hive.metastore.ObjectStore.setConf(ObjectStore.java:171)
	at org.apache.hadoop.util.ReflectionUtils.setConf(ReflectionUtils.java:62)
	at org.apache.hadoop.util.ReflectionUtils.newInstance(ReflectionUtils.java:117)
	at org.apache.hadoop.hive.metastore.HiveMetaStore$HMSHandler.getMS(HiveMetaStore.java:354)
	at org.apache.hadoop.hive.metastore.HiveMetaStore$HMSHandler.executeWithRetry(HiveMetaStore.java:306)
	at org.apache.hadoop.hive.metastore.HiveMetaStore$HMSHandler.createDefaultDB(HiveMetaStore.java:451)
	at org.apache.hadoop.hive.metastore.HiveMetaStore$HMSHandler.init(HiveMetaStore.java:232)
	at org.apache.hadoop.hive.metastore.HiveMetaStore$HMSHandler.<init>(HiveMetaStore.java:197)
	at org.apache.hadoop.hive.metastore.HiveMetaStoreClient.<init>(HiveMetaStoreClient.java:108)
	at org.apache.hadoop.hive.ql.metadata.Hive.createMetaStoreClient(Hive.java:1855)
	at org.apache.hadoop.hive.ql.metadata.Hive.getMSC(Hive.java:1865)
	at org.apache.hadoop.hive.ql.metadata.Hive.createTable(Hive.java:470)
	at org.apache.hadoop.hive.ql.exec.DDLTask.createTable(DDLTask.java:3146)
	at org.apache.hadoop.hive.ql.exec.DDLTask.execute(DDLTask.java:213)
	at org.apache.hadoop.hive.ql.exec.Task.executeTask(Task.java:130)
	at org.apache.hadoop.hive.ql.exec.TaskRunner.runSequential(TaskRunner.java:57)
	at org.apache.hadoop.hive.ql.Driver.launchTask(Driver.java:1063)
	at org.apache.hadoop.hive.ql.Driver.execute(Driver.java:900)
	at org.apache.hadoop.hive.ql.Driver.run(Driver.java:748)
	at org.apache.hadoop.hive.cli.CliDriver.processCmd(CliDriver.java:164)
	at org.apache.hadoop.hive.cli.CliDriver.processLine(CliDriver.java:241)
	at org.apache.hadoop.hive.cli.CliDriver.processReader(CliDriver.java:262)
	at org.apache.hadoop.hive.cli.CliDriver.processFile(CliDriver.java:269)
	at org.apache.hadoop.hive.cli.CliDriver.main(CliDriver.java:430)
	at sun.reflect.NativeMethodAccessorImpl.invoke0(Native Method)
	at sun.reflect.NativeMethodAccessorImpl.invoke(NativeMethodAccessorImpl.java:39)
	at sun.reflect.DelegatingMethodAccessorImpl.invoke(DelegatingMethodAccessorImpl.java:25)
	at java.lang.reflect.Method.invoke(Method.java:597)
	at org.apache.hadoop.util.RunJar.main(RunJar.java:186)
Caused by: java.sql.SQLException: Another instance of Derby may have already booted the database /var/lib/hive/metastore/metastore_db.
	at org.apache.derby.impl.jdbc.SQLExceptionFactory.getSQLException(Unknown Source)
	at org.apache.derby.impl.jdbc.SQLExceptionFactory40.wrapArgsForTransportAcrossDRDA(Unknown Source)
	... 69 more
Caused by: ERROR XSDB6: Another instance of Derby may have already booted the database /var/lib/hive/metastore/metastore_db.
	at org.apache.derby.iapi.error.StandardException.newException(Unknown Source)
	at org.apache.derby.impl.store.raw.data.BaseDataFileFactory.privGetJBMSLockOnDB(Unknown Source)
	at org.apache.derby.impl.store.raw.data.BaseDataFileFactory.run(Unknown Source)
	at java.security.AccessController.doPrivileged(Native Method)
	at org.apache.derby.impl.store.raw.data.BaseDataFileFactory.getJBMSLockOnDB(Unknown Source)
	at org.apache.derby.impl.store.raw.data.BaseDataFileFactory.boot(Unknown Source)
	at org.apache.derby.impl.services.monitor.BaseMonitor.boot(Unknown Source)
	at org.apache.derby.impl.services.monitor.TopService.bootModule(Unknown Source)
	at org.apache.derby.impl.services.monitor.BaseMonitor.startModule(Unknown Source)
	at org.apache.derby.iapi.services.monitor.Monitor.bootServiceModule(Unknown Source)
	at org.apache.derby.impl.store.raw.RawStore.boot(Unknown Source)
	at org.apache.derby.impl.services.monitor.BaseMonitor.boot(Unknown Source)
	at org.apache.derby.impl.services.monitor.TopService.bootModule(Unknown Source)
	at org.apache.derby.impl.services.monitor.BaseMonitor.startModule(Unknown Source)
	at org.apache.derby.iapi.services.monitor.Monitor.bootServiceModule(Unknown Source)
	at org.apache.derby.impl.store.access.RAMAccessManager.boot(Unknown Source)
	at org.apache.derby.impl.services.monitor.BaseMonitor.boot(Unknown Source)
	at org.apache.derby.impl.services.monitor.TopService.bootModule(Unknown Source)
	at org.apache.derby.impl.services.monitor.BaseMonitor.startModule(Unknown Source)
	at org.apache.derby.iapi.services.monitor.Monitor.bootServiceModule(Unknown Source)
	at org.apache.derby.impl.db.BasicDatabase.bootStore(Unknown Source)
	at org.apache.derby.impl.db.BasicDatabase.boot(Unknown Source)
	at org.apache.derby.impl.services.monitor.BaseMonitor.boot(Unknown Source)
	at org.apache.derby.impl.services.monitor.TopService.bootModule(Unknown Source)
	at org.apache.derby.impl.services.monitor.BaseMonitor.bootService(Unknown Source)
	at org.apache.derby.impl.services.monitor.BaseMonitor.startProviderService(Unknown Source)
	at org.apache.derby.impl.services.monitor.BaseMonitor.findProviderAndStartService(Unknown Source)
	at org.apache.derby.impl.services.monitor.BaseMonitor.startPersistentService(Unknown Source)
	at org.apache.derby.iapi.services.monitor.Monitor.startPersistentService(Unknown Source)
	... 67 more
============= end nested exception, level (1) ===========
============= begin nested exception, level (2) ===========
java.sql.SQLException: Another instance of Derby may have already booted the database /var/lib/hive/metastore/metastore_db.
	at org.apache.derby.impl.jdbc.SQLExceptionFactory.getSQLException(Unknown Source)
	at org.apache.derby.impl.jdbc.SQLExceptionFactory40.wrapArgsForTransportAcrossDRDA(Unknown Source)
	at org.apache.derby.impl.jdbc.SQLExceptionFactory40.getSQLException(Unknown Source)
	at org.apache.derby.impl.jdbc.Util.generateCsSQLException(Unknown Source)
	at org.apache.derby.impl.jdbc.EmbedConnection.bootDatabase(Unknown Source)
	at org.apache.derby.impl.jdbc.EmbedConnection.<init>(Unknown Source)
	at org.apache.derby.impl.jdbc.EmbedConnection30.<init>(Unknown Source)
	at org.apache.derby.impl.jdbc.EmbedConnection40.<init>(Unknown Source)
	at org.apache.derby.jdbc.Driver40.getNewEmbedConnection(Unknown Source)
	at org.apache.derby.jdbc.InternalDriver.connect(Unknown Source)
	at org.apache.derby.jdbc.AutoloadedDriver.connect(Unknown Source)
	at java.sql.DriverManager.getConnection(DriverManager.java:582)
	at java.sql.DriverManager.getConnection(DriverManager.java:185)
	at org.apache.commons.dbcp.DriverManagerConnectionFactory.createConnection(DriverManagerConnectionFactory.java:75)
	at org.apache.commons.dbcp.PoolableConnectionFactory.makeObject(PoolableConnectionFactory.java:582)
	at org.apache.commons.pool.impl.GenericObjectPool.borrowObject(GenericObjectPool.java:1148)
	at org.apache.commons.dbcp.PoolingDataSource.getConnection(PoolingDataSource.java:106)
	at org.datanucleus.store.rdbms.ConnectionFactoryImpl$ManagedConnectionImpl.getConnection(ConnectionFactoryImpl.java:521)
	at org.datanucleus.store.rdbms.RDBMSStoreManager.<init>(RDBMSStoreManager.java:290)
	at sun.reflect.NativeConstructorAccessorImpl.newInstance0(Native Method)
	at sun.reflect.NativeConstructorAccessorImpl.newInstance(NativeConstructorAccessorImpl.java:39)
	at sun.reflect.DelegatingConstructorAccessorImpl.newInstance(DelegatingConstructorAccessorImpl.java:27)
	at java.lang.reflect.Constructor.newInstance(Constructor.java:513)
	at org.datanucleus.plugin.NonManagedPluginRegistry.createExecutableExtension(NonManagedPluginRegistry.java:588)
	at org.datanucleus.plugin.PluginManager.createExecutableExtension(PluginManager.java:300)
	at org.datanucleus.ObjectManagerFactoryImpl.initialiseStoreManager(ObjectManagerFactoryImpl.java:161)
	at org.datanucleus.jdo.JDOPersistenceManagerFactory.freezeConfiguration(JDOPersistenceManagerFactory.java:583)
	at org.datanucleus.jdo.JDOPersistenceManagerFactory.createPersistenceManagerFactory(JDOPersistenceManagerFactory.java:286)
	at org.datanucleus.jdo.JDOPersistenceManagerFactory.getPersistenceManagerFactory(JDOPersistenceManagerFactory.java:182)
	at sun.reflect.NativeMethodAccessorImpl.invoke0(Native Method)
	at sun.reflect.NativeMethodAccessorImpl.invoke(NativeMethodAccessorImpl.java:39)
	at sun.reflect.DelegatingMethodAccessorImpl.invoke(DelegatingMethodAccessorImpl.java:25)
	at java.lang.reflect.Method.invoke(Method.java:597)
	at javax.jdo.JDOHelper$16.run(JDOHelper.java:1958)
	at java.security.AccessController.doPrivileged(Native Method)
	at javax.jdo.JDOHelper.invoke(JDOHelper.java:1953)
	at javax.jdo.JDOHelper.invokeGetPersistenceManagerFactoryOnImplementation(JDOHelper.java:1159)
	at javax.jdo.JDOHelper.getPersistenceManagerFactory(JDOHelper.java:803)
	at javax.jdo.JDOHelper.getPersistenceManagerFactory(JDOHelper.java:698)
	at org.apache.hadoop.hive.metastore.ObjectStore.getPMF(ObjectStore.java:234)
	at org.apache.hadoop.hive.metastore.ObjectStore.getPersistenceManager(ObjectStore.java:261)
	at org.apache.hadoop.hive.metastore.ObjectStore.initialize(ObjectStore.java:196)
	at org.apache.hadoop.hive.metastore.ObjectStore.setConf(ObjectStore.java:171)
	at org.apache.hadoop.util.ReflectionUtils.setConf(ReflectionUtils.java:62)
	at org.apache.hadoop.util.ReflectionUtils.newInstance(ReflectionUtils.java:117)
	at org.apache.hadoop.hive.metastore.HiveMetaStore$HMSHandler.getMS(HiveMetaStore.java:354)
	at org.apache.hadoop.hive.metastore.HiveMetaStore$HMSHandler.executeWithRetry(HiveMetaStore.java:306)
	at org.apache.hadoop.hive.metastore.HiveMetaStore$HMSHandler.createDefaultDB(HiveMetaStore.java:451)
	at org.apache.hadoop.hive.metastore.HiveMetaStore$HMSHandler.init(HiveMetaStore.java:232)
	at org.apache.hadoop.hive.metastore.HiveMetaStore$HMSHandler.<init>(HiveMetaStore.java:197)
	at org.apache.hadoop.hive.metastore.HiveMetaStoreClient.<init>(HiveMetaStoreClient.java:108)
	at org.apache.hadoop.hive.ql.metadata.Hive.createMetaStoreClient(Hive.java:1855)
	at org.apache.hadoop.hive.ql.metadata.Hive.getMSC(Hive.java:1865)
	at org.apache.hadoop.hive.ql.metadata.Hive.createTable(Hive.java:470)
	at org.apache.hadoop.hive.ql.exec.DDLTask.createTable(DDLTask.java:3146)
	at org.apache.hadoop.hive.ql.exec.DDLTask.execute(DDLTask.java:213)
	at org.apache.hadoop.hive.ql.exec.Task.executeTask(Task.java:130)
	at org.apache.hadoop.hive.ql.exec.TaskRunner.runSequential(TaskRunner.java:57)
	at org.apache.hadoop.hive.ql.Driver.launchTask(Driver.java:1063)
	at org.apache.hadoop.hive.ql.Driver.execute(Driver.java:900)
	at org.apache.hadoop.hive.ql.Driver.run(Driver.java:748)
	at org.apache.hadoop.hive.cli.CliDriver.processCmd(CliDriver.java:164)
	at org.apache.hadoop.hive.cli.CliDriver.processLine(CliDriver.java:241)
	at org.apache.hadoop.hive.cli.CliDriver.processReader(CliDriver.java:262)
	at org.apache.hadoop.hive.cli.CliDriver.processFile(CliDriver.java:269)
	at org.apache.hadoop.hive.cli.CliDriver.main(CliDriver.java:430)
	at sun.reflect.NativeMethodAccessorImpl.invoke0(Native Method)
	at sun.reflect.NativeMethodAccessorImpl.invoke(NativeMethodAccessorImpl.java:39)
	at sun.reflect.DelegatingMethodAccessorImpl.invoke(DelegatingMethodAccessorImpl.java:25)
	at java.lang.reflect.Method.invoke(Method.java:597)
	at org.apache.hadoop.util.RunJar.main(RunJar.java:186)
Caused by: ERROR XSDB6: Another instance of Derby may have already booted the database /var/lib/hive/metastore/metastore_db.
	at org.apache.derby.iapi.error.StandardException.newException(Unknown Source)
	at org.apache.derby.impl.store.raw.data.BaseDataFileFactory.privGetJBMSLockOnDB(Unknown Source)
	at org.apache.derby.impl.store.raw.data.BaseDataFileFactory.run(Unknown Source)
	at java.security.AccessController.doPrivileged(Native Method)
	at org.apache.derby.impl.store.raw.data.BaseDataFileFactory.getJBMSLockOnDB(Unknown Source)
	at org.apache.derby.impl.store.raw.data.BaseDataFileFactory.boot(Unknown Source)
	at org.apache.derby.impl.services.monitor.BaseMonitor.boot(Unknown Source)
	at org.apache.derby.impl.services.monitor.TopService.bootModule(Unknown Source)
	at org.apache.derby.impl.services.monitor.BaseMonitor.startModule(Unknown Source)
	at org.apache.derby.iapi.services.monitor.Monitor.bootServiceModule(Unknown Source)
	at org.apache.derby.impl.store.raw.RawStore.boot(Unknown Source)
	at org.apache.derby.impl.services.monitor.BaseMonitor.boot(Unknown Source)
	at org.apache.derby.impl.services.monitor.TopService.bootModule(Unknown Source)
	at org.apache.derby.impl.services.monitor.BaseMonitor.startModule(Unknown Source)
	at org.apache.derby.iapi.services.monitor.Monitor.bootServiceModule(Unknown Source)
	at org.apache.derby.impl.store.access.RAMAccessManager.boot(Unknown Source)
	at org.apache.derby.impl.services.monitor.BaseMonitor.boot(Unknown Source)
	at org.apache.derby.impl.services.monitor.TopService.bootModule(Unknown Source)
	at org.apache.derby.impl.services.monitor.BaseMonitor.startModule(Unknown Source)
	at org.apache.derby.iapi.services.monitor.Monitor.bootServiceModule(Unknown Source)
	at org.apache.derby.impl.db.BasicDatabase.bootStore(Unknown Source)
	at org.apache.derby.impl.db.BasicDatabase.boot(Unknown Source)
	at org.apache.derby.impl.services.monitor.BaseMonitor.boot(Unknown Source)
	at org.apache.derby.impl.services.monitor.TopService.bootModule(Unknown Source)
	at org.apache.derby.impl.services.monitor.BaseMonitor.bootService(Unknown Source)
	at org.apache.derby.impl.services.monitor.BaseMonitor.startProviderService(Unknown Source)
	at org.apache.derby.impl.services.monitor.BaseMonitor.findProviderAndStartService(Unknown Source)
	at org.apache.derby.impl.services.monitor.BaseMonitor.startPersistentService(Unknown Source)
	at org.apache.derby.iapi.services.monitor.Monitor.startPersistentService(Unknown Source)
	... 67 more
============= end nested exception, level (2) ===========
============= begin nested exception, level (3) ===========
ERROR XSDB6: Another instance of Derby may have already booted the database /var/lib/hive/metastore/metastore_db.
	at org.apache.derby.iapi.error.StandardException.newException(Unknown Source)
	at org.apache.derby.impl.store.raw.data.BaseDataFileFactory.privGetJBMSLockOnDB(Unknown Source)
	at org.apache.derby.impl.store.raw.data.BaseDataFileFactory.run(Unknown Source)
	at java.security.AccessController.doPrivileged(Native Method)
	at org.apache.derby.impl.store.raw.data.BaseDataFileFactory.getJBMSLockOnDB(Unknown Source)
	at org.apache.derby.impl.store.raw.data.BaseDataFileFactory.boot(Unknown Source)
	at org.apache.derby.impl.services.monitor.BaseMonitor.boot(Unknown Source)
	at org.apache.derby.impl.services.monitor.TopService.bootModule(Unknown Source)
	at org.apache.derby.impl.services.monitor.BaseMonitor.startModule(Unknown Source)
	at org.apache.derby.iapi.services.monitor.Monitor.bootServiceModule(Unknown Source)
	at org.apache.derby.impl.store.raw.RawStore.boot(Unknown Source)
	at org.apache.derby.impl.services.monitor.BaseMonitor.boot(Unknown Source)
	at org.apache.derby.impl.services.monitor.TopService.bootModule(Unknown Source)
	at org.apache.derby.impl.services.monitor.BaseMonitor.startModule(Unknown Source)
	at org.apache.derby.iapi.services.monitor.Monitor.bootServiceModule(Unknown Source)
	at org.apache.derby.impl.store.access.RAMAccessManager.boot(Unknown Source)
	at org.apache.derby.impl.services.monitor.BaseMonitor.boot(Unknown Source)
	at org.apache.derby.impl.services.monitor.TopService.bootModule(Unknown Source)
	at org.apache.derby.impl.services.monitor.BaseMonitor.startModule(Unknown Source)
	at org.apache.derby.iapi.services.monitor.Monitor.bootServiceModule(Unknown Source)
	at org.apache.derby.impl.db.BasicDatabase.bootStore(Unknown Source)
	at org.apache.derby.impl.db.BasicDatabase.boot(Unknown Source)
	at org.apache.derby.impl.services.monitor.BaseMonitor.boot(Unknown Source)
	at org.apache.derby.impl.services.monitor.TopService.bootModule(Unknown Source)
	at org.apache.derby.impl.services.monitor.BaseMonitor.bootService(Unknown Source)
	at org.apache.derby.impl.services.monitor.BaseMonitor.startProviderService(Unknown Source)
	at org.apache.derby.impl.services.monitor.BaseMonitor.findProviderAndStartService(Unknown Source)
	at org.apache.derby.impl.services.monitor.BaseMonitor.startPersistentService(Unknown Source)
	at org.apache.derby.iapi.services.monitor.Monitor.startPersistentService(Unknown Source)
	at org.apache.derby.impl.jdbc.EmbedConnection.bootDatabase(Unknown Source)
	at org.apache.derby.impl.jdbc.EmbedConnection.<init>(Unknown Source)
	at org.apache.derby.impl.jdbc.EmbedConnection30.<init>(Unknown Source)
	at org.apache.derby.impl.jdbc.EmbedConnection40.<init>(Unknown Source)
	at org.apache.derby.jdbc.Driver40.getNewEmbedConnection(Unknown Source)
	at org.apache.derby.jdbc.InternalDriver.connect(Unknown Source)
	at org.apache.derby.jdbc.AutoloadedDriver.connect(Unknown Source)
	at java.sql.DriverManager.getConnection(DriverManager.java:582)
	at java.sql.DriverManager.getConnection(DriverManager.java:185)
	at org.apache.commons.dbcp.DriverManagerConnectionFactory.createConnection(DriverManagerConnectionFactory.java:75)
	at org.apache.commons.dbcp.PoolableConnectionFactory.makeObject(PoolableConnectionFactory.java:582)
	at org.apache.commons.pool.impl.GenericObjectPool.borrowObject(GenericObjectPool.java:1148)
	at org.apache.commons.dbcp.PoolingDataSource.getConnection(PoolingDataSource.java:106)
	at org.datanucleus.store.rdbms.ConnectionFactoryImpl$ManagedConnectionImpl.getConnection(ConnectionFactoryImpl.java:521)
	at org.datanucleus.store.rdbms.RDBMSStoreManager.<init>(RDBMSStoreManager.java:290)
	at sun.reflect.NativeConstructorAccessorImpl.newInstance0(Native Method)
	at sun.reflect.NativeConstructorAccessorImpl.newInstance(NativeConstructorAccessorImpl.java:39)
	at sun.reflect.DelegatingConstructorAccessorImpl.newInstance(DelegatingConstructorAccessorImpl.java:27)
	at java.lang.reflect.Constructor.newInstance(Constructor.java:513)
	at org.datanucleus.plugin.NonManagedPluginRegistry.createExecutableExtension(NonManagedPluginRegistry.java:588)
	at org.datanucleus.plugin.PluginManager.createExecutableExtension(PluginManager.java:300)
	at org.datanucleus.ObjectManagerFactoryImpl.initialiseStoreManager(ObjectManagerFactoryImpl.java:161)
	at org.datanucleus.jdo.JDOPersistenceManagerFactory.freezeConfiguration(JDOPersistenceManagerFactory.java:583)
	at org.datanucleus.jdo.JDOPersistenceManagerFactory.createPersistenceManagerFactory(JDOPersistenceManagerFactory.java:286)
	at org.datanucleus.jdo.JDOPersistenceManagerFactory.getPersistenceManagerFactory(JDOPersistenceManagerFactory.java:182)
	at sun.reflect.NativeMethodAccessorImpl.invoke0(Native Method)
	at sun.reflect.NativeMethodAccessorImpl.invoke(NativeMethodAccessorImpl.java:39)
	at sun.reflect.DelegatingMethodAccessorImpl.invoke(DelegatingMethodAccessorImpl.java:25)
	at java.lang.reflect.Method.invoke(Method.java:597)
	at javax.jdo.JDOHelper$16.run(JDOHelper.java:1958)
	at java.security.AccessController.doPrivileged(Native Method)
	at javax.jdo.JDOHelper.invoke(JDOHelper.java:1953)
	at javax.jdo.JDOHelper.invokeGetPersistenceManagerFactoryOnImplementation(JDOHelper.java:1159)
	at javax.jdo.JDOHelper.getPersistenceManagerFactory(JDOHelper.java:803)
	at javax.jdo.JDOHelper.getPersistenceManagerFactory(JDOHelper.java:698)
	at org.apache.hadoop.hive.metastore.ObjectStore.getPMF(ObjectStore.java:234)
	at org.apache.hadoop.hive.metastore.ObjectStore.getPersistenceManager(ObjectStore.java:261)
	at org.apache.hadoop.hive.metastore.ObjectStore.initialize(ObjectStore.java:196)
	at org.apache.hadoop.hive.metastore.ObjectStore.setConf(ObjectStore.java:171)
	at org.apache.hadoop.util.ReflectionUtils.setConf(ReflectionUtils.java:62)
	at org.apache.hadoop.util.ReflectionUtils.newInstance(ReflectionUtils.java:117)
	at org.apache.hadoop.hive.metastore.HiveMetaStore$HMSHandler.getMS(HiveMetaStore.java:354)
	at org.apache.hadoop.hive.metastore.HiveMetaStore$HMSHandler.executeWithRetry(HiveMetaStore.java:306)
	at org.apache.hadoop.hive.metastore.HiveMetaStore$HMSHandler.createDefaultDB(HiveMetaStore.java:451)
	at org.apache.hadoop.hive.metastore.HiveMetaStore$HMSHandler.init(HiveMetaStore.java:232)
	at org.apache.hadoop.hive.metastore.HiveMetaStore$HMSHandler.<init>(HiveMetaStore.java:197)
	at org.apache.hadoop.hive.metastore.HiveMetaStoreClient.<init>(HiveMetaStoreClient.java:108)
	at org.apache.hadoop.hive.ql.metadata.Hive.createMetaStoreClient(Hive.java:1855)
	at org.apache.hadoop.hive.ql.metadata.Hive.getMSC(Hive.java:1865)
	at org.apache.hadoop.hive.ql.metadata.Hive.createTable(Hive.java:470)
	at org.apache.hadoop.hive.ql.exec.DDLTask.createTable(DDLTask.java:3146)
	at org.apache.hadoop.hive.ql.exec.DDLTask.execute(DDLTask.java:213)
	at org.apache.hadoop.hive.ql.exec.Task.executeTask(Task.java:130)
	at org.apache.hadoop.hive.ql.exec.TaskRunner.runSequential(TaskRunner.java:57)
	at org.apache.hadoop.hive.ql.Driver.launchTask(Driver.java:1063)
	at org.apache.hadoop.hive.ql.Driver.execute(Driver.java:900)
	at org.apache.hadoop.hive.ql.Driver.run(Driver.java:748)
	at org.apache.hadoop.hive.cli.CliDriver.processCmd(CliDriver.java:164)
	at org.apache.hadoop.hive.cli.CliDriver.processLine(CliDriver.java:241)
	at org.apache.hadoop.hive.cli.CliDriver.processReader(CliDriver.java:262)
	at org.apache.hadoop.hive.cli.CliDriver.processFile(CliDriver.java:269)
	at org.apache.hadoop.hive.cli.CliDriver.main(CliDriver.java:430)
	at sun.reflect.NativeMethodAccessorImpl.invoke0(Native Method)
	at sun.reflect.NativeMethodAccessorImpl.invoke(NativeMethodAccessorImpl.java:39)
	at sun.reflect.DelegatingMethodAccessorImpl.invoke(DelegatingMethodAccessorImpl.java:25)
	at java.lang.reflect.Method.invoke(Method.java:597)
	at org.apache.hadoop.util.RunJar.main(RunJar.java:186)
============= end nested exception, level (3) ===========
Cleanup action completed
